모듈연결용/map_dp/build/intermediates/manifest_merge_blame_file/debug/manifest-merger-blame-debug-report.txt
1<?xml version="1.0" encoding="utf-8"?>
2<manifest xmlns:android="http://schemas.android.com/apk/res/android"
3    package="com.example.map_dp"
4    android:versionCode="1"
5    android:versionName="1.0" >
6
7    <uses-sdk
8        android:minSdkVersion="21"
8-->src\main\AndroidManifest.xml
9        android:targetSdkVersion="32" />
9-->src\main\AndroidManifest.xml
10
11    <uses-permission android:name="android.permission.ACCESS_NETWORK_STATE" />
11-->src\main\AndroidManifest.xml:5:5-78
11-->src\main\AndroidManifest.xml:5:22-76
12    <uses-permission android:name="android.permission.INTERNET" />
12-->src\main\AndroidManifest.xml:6:5-67
12-->src\main\AndroidManifest.xml:6:22-64
13    <uses-permission android:name="android.permission.WRITE_EXTERNAL_STORAGE" />
13-->src\main\AndroidManifest.xml:7:5-81
13-->src\main\AndroidManifest.xml:7:22-78
14    <uses-permission android:name="android.permission.ACCESS_COARSE_LOCATION" />
14-->src\main\AndroidManifest.xml:8:5-81
14-->src\main\AndroidManifest.xml:8:22-78
15    <uses-permission android:name="android.permission.ACCESS_FINE_LOCATION" />
15-->src\main\AndroidManifest.xml:9:5-79
15-->src\main\AndroidManifest.xml:9:22-76
16
17    <uses-feature
17-->[com.google.android.gms:play-services-maps:18.0.2] AndroidManifest.xml:26:5-28:35
18        android:glEsVersion="0x00020000"
18-->[com.google.android.gms:play-services-maps:18.0.2] AndroidManifest.xml:27:9-41
19        android:required="true" />
19-->[com.google.android.gms:play-services-maps:18.0.2] AndroidManifest.xml:28:9-32
20
21    <queries>
21-->[com.google.android.gms:play-services-maps:18.0.2] AndroidManifest.xml:30:5-34:15
22
23        <!-- Needs to be explicitly declared on Android R+ -->
24        <package android:name="com.google.android.apps.maps" />
24-->[com.google.android.gms:play-services-maps:18.0.2] AndroidManifest.xml:33:9-64
24-->[com.google.android.gms:play-services-maps:18.0.2] AndroidManifest.xml:33:18-61
25    </queries>
26
27    <application
27-->src\main\AndroidManifest.xml:11:5-35:19
28        android:allowBackup="true"
28-->src\main\AndroidManifest.xml:14:9-35
29        android:appComponentFactory="androidx.core.app.CoreComponentFactory"
29-->[androidx.core:core:1.7.0] AndroidManifest.xml:24:18-86
30        android:debuggable="true"
31        android:icon="@mipmap/ic_launcher"
31-->src\main\AndroidManifest.xml:15:9-43
32        android:label=""
32-->src\main\AndroidManifest.xml:16:9-25
33        android:networkSecurityConfig="@xml/network_security_config"
33-->src\main\AndroidManifest.xml:12:9-69
34        android:roundIcon="@mipmap/ic_launcher_round"
34-->src\main\AndroidManifest.xml:17:9-54
35        android:supportsRtl="true"
35-->src\main\AndroidManifest.xml:18:9-35
36        android:testOnly="true"
37        android:theme="@style/Theme.AndroidLab"
37-->src\main\AndroidManifest.xml:19:9-48
38        android:usesCleartextTraffic="true" >
38-->src\main\AndroidManifest.xml:13:9-44
39        <meta-data
39-->src\main\AndroidManifest.xml:21:9-23:71
40            android:name="com.google.android.geo.API_KEY"
40-->src\main\AndroidManifest.xml:22:13-58
41            android:value="AIzaSyAbvld1WOOdn4I2ONSQKFiACzHRj5RzG0w" />
41-->src\main\AndroidManifest.xml:23:13-68
42
43        <activity
43-->src\main\AndroidManifest.xml:25:9-34:20
44            android:name="com.example.map_dp.MapsActivity"
44-->src\main\AndroidManifest.xml:26:13-41
45            android:exported="true"
45-->src\main\AndroidManifest.xml:27:13-36
46            android:label="@string/title_activity_maps" >
46-->src\main\AndroidManifest.xml:28:13-56
47            <intent-filter>
47-->src\main\AndroidManifest.xml:29:13-33:29
48                <action android:name="android.intent.action.MAIN" />
48-->src\main\AndroidManifest.xml:30:17-69
48-->src\main\AndroidManifest.xml:30:25-66
49
50                <category android:name="android.intent.category.LAUNCHER" />
50-->src\main\AndroidManifest.xml:32:17-77
50-->src\main\AndroidManifest.xml:32:27-74
51            </intent-filter>
52        </activity>
53        <!-- Needs to be explicitly declared on P+ -->
54        <uses-library
54-->[com.google.android.gms:play-services-maps:18.0.2] AndroidManifest.xml:39:9-41:40
55            android:name="org.apache.http.legacy"
55-->[com.google.android.gms:play-services-maps:18.0.2] AndroidManifest.xml:40:13-50
56            android:required="false" />
56-->[com.google.android.gms:play-services-maps:18.0.2] AndroidManifest.xml:41:13-37
57
58        <activity
58-->[com.google.android.gms:play-services-base:18.0.1] AndroidManifest.xml:20:9-22:45
59            android:name="com.google.android.gms.common.api.GoogleApiActivity"
59-->[com.google.android.gms:play-services-base:18.0.1] AndroidManifest.xml:20:19-85
60            android:exported="false"
60-->[com.google.android.gms:play-services-base:18.0.1] AndroidManifest.xml:22:19-43
61            android:theme="@android:style/Theme.Translucent.NoTitleBar" />
61-->[com.google.android.gms:play-services-base:18.0.1] AndroidManifest.xml:21:19-78
62
63        <meta-data
63-->[com.google.android.gms:play-services-basement:18.0.0] AndroidManifest.xml:21:9-23:69
64            android:name="com.google.android.gms.version"
64-->[com.google.android.gms:play-services-basement:18.0.0] AndroidManifest.xml:22:13-58
65            android:value="@integer/google_play_services_version" />
65-->[com.google.android.gms:play-services-basement:18.0.0] AndroidManifest.xml:23:13-66
66
67        <provider
67-->[androidx.emoji2:emoji2:1.0.0] AndroidManifest.xml:26:9-34:20
68            android:name="androidx.startup.InitializationProvider"
68-->[androidx.emoji2:emoji2:1.0.0] AndroidManifest.xml:27:13-67
69            android:authorities="com.example.map_dp.androidx-startup"
69-->[androidx.emoji2:emoji2:1.0.0] AndroidManifest.xml:28:13-68
70            android:exported="false" >
70-->[androidx.emoji2:emoji2:1.0.0] AndroidManifest.xml:29:13-37
71            <meta-data
71-->[androidx.emoji2:emoji2:1.0.0] AndroidManifest.xml:31:13-33:52
72                android:name="androidx.emoji2.text.EmojiCompatInitializer"
72-->[androidx.emoji2:emoji2:1.0.0] AndroidManifest.xml:32:17-75
73                android:value="androidx.startup" />
73-->[androidx.emoji2:emoji2:1.0.0] AndroidManifest.xml:33:17-49
74            <meta-data
74-->[androidx.lifecycle:lifecycle-process:2.4.0] AndroidManifest.xml:31:13-33:52
75                android:name="androidx.lifecycle.ProcessLifecycleInitializer"
75-->[androidx.lifecycle:lifecycle-process:2.4.0] AndroidManifest.xml:32:17-78
76                android:value="androidx.startup" />
76-->[androidx.lifecycle:lifecycle-process:2.4.0] AndroidManifest.xml:33:17-49
77        </provider>
78    </application>
79
80</manifest>